Using pre-set license
Built from '2020.3/staging' branch; Version is '2020.3.4f1 (0abb6314276a) revision 703331'; Using compiler version '192528614'; Build Type 'Release'
OS: 'Windows 10 Pro; OS build 19042.928; Version 2009; 64bit' Language: 'en' Physical Memory: 16331 MB
BatchMode: 1, IsHumanControllingUs: 0, StartBugReporterOnCrash: 0, Is64bit: 1, IsPro: 0

 COMMAND LINE ARGUMENTS:
D:\Unity Versions\2020.3.4f1\Editor\Unity.exe
-adb2
-batchMode
-noUpm
-name
AssetImportWorker0
-projectPath
D:/Projects/Treasure-Trench/Treasure Trench
-logFile
Logs/AssetImportWorker0.log
-srvPort
51801
Successfully changed project path to: D:/Projects/Treasure-Trench/Treasure Trench
D:/Projects/Treasure-Trench/Treasure Trench
Using Asset Import Pipeline V2.
Refreshing native plugins compatible for Editor in 39.76 ms, found 1 plugins.
Preloading 0 native plugins for Editor in 0.00 ms.
Initialize engine version: 2020.3.4f1 (0abb6314276a)
[Subsystems] Discovering subsystems at path D:/Unity Versions/2020.3.4f1/Editor/Data/Resources/UnitySubsystems
[Subsystems] Discovering subsystems at path D:/Projects/Treasure-Trench/Treasure Trench/Assets
GfxDevice: creating device client; threaded=0
Direct3D:
    Version:  Direct3D 11.0 [level 11.1]
    Renderer: NVIDIA GeForce GTX 1080 (ID=0x1b80)
    Vendor:   
    VRAM:     8079 MB
    Driver:   27.21.14.6611
Initialize mono
Mono path[0] = 'D:/Unity Versions/2020.3.4f1/Editor/Data/Managed'
Mono path[1] = 'D:/Unity Versions/2020.3.4f1/Editor/Data/MonoBleedingEdge/lib/mono/unityjit'
Mono config path = 'D:/Unity Versions/2020.3.4f1/Editor/Data/MonoBleedingEdge/etc'
Using monoOptions --debugger-agent=transport=dt_socket,embedding=1,server=y,suspend=n,address=127.0.0.1:56924
Begin MonoManager ReloadAssembly
Registering precompiled unity dll's ...
Register platform support module: D:/Unity Versions/2020.3.4f1/Editor/Data/PlaybackEngines/WebGLSupport/UnityEditor.WebGL.Extensions.dll
Register platform support module: D:/Unity Versions/2020.3.4f1/Editor/Data/PlaybackEngines/WindowsStandaloneSupport/UnityEditor.WindowsStandalone.Extensions.dll
Registered in 0.001120 seconds.
Native extension for WindowsStandalone target not found
Native extension for WebGL target not found
Refreshing native plugins compatible for Editor in 35.04 ms, found 1 plugins.
Preloading 0 native plugins for Editor in 0.00 ms.
Mono: successfully reloaded assembly
- Completed reload, in  0.887 seconds
Platform modules already initialized, skipping
Registering precompiled user dll's ...
Registered in 0.000611 seconds.
Begin MonoManager ReloadAssembly
Native extension for WindowsStandalone target not found
Native extension for WebGL target not found
Refreshing native plugins compatible for Editor in 34.69 ms, found 1 plugins.
Preloading 0 native plugins for Editor in 0.00 ms.
Mono: successfully reloaded assembly
- Completed reload, in  0.917 seconds
Platform modules already initialized, skipping
========================================================================
Worker process is ready to serve import requests
Launched and connected shader compiler UnityShaderCompiler.exe after 0.08 seconds
Refreshing native plugins compatible for Editor in 0.52 ms, found 1 plugins.
Preloading 0 native plugins for Editor in 0.00 ms.
Unloading 1808 Unused Serialized files (Serialized files now loaded: 0)
System memory in use before: 84.8 MB.
System memory in use after: 84.8 MB.

Unloading 24 unused Assets to reduce memory usage. Loaded Objects now: 2250.
Total: 1.981600 ms (FindLiveObjects: 0.200500 ms CreateObjectMapping: 0.048300 ms MarkObjects: 1.598200 ms  DeleteObjects: 0.133700 ms)

========================================================================
Received Import Request.
  path: Assets
  artifactKey: Guid(00000000000000001000000000000000) Importer(815301076,1909f56bfc062723c751e8b465ee728b)
Start importing Assets using Guid(00000000000000001000000000000000) Importer(815301076,1909f56bfc062723c751e8b465ee728b)  -> (artifact id: '025e4f587c23674256bb898581e82961') in 0.042463 seconds
  Import took 0.062535 seconds .

========================================================================
Received Import Request.
  Time since last request: 1.676422 seconds.
  path: Assets/Materials
  artifactKey: Guid(1ca7f6142618f0048920a9264c921c11) Importer(815301076,1909f56bfc062723c751e8b465ee728b)
Start importing Assets/Materials using Guid(1ca7f6142618f0048920a9264c921c11) Importer(815301076,1909f56bfc062723c751e8b465ee728b)  -> (artifact id: 'd2195ac59c627370e95faa473197048f') in 0.006228 seconds
  Import took 0.020188 seconds .

========================================================================
Received Import Request.
  Time since last request: 6.082661 seconds.
  path: Assets/Scripts
  artifactKey: Guid(f1307ec1e2dc4484aa7bae0d30269b0f) Importer(815301076,1909f56bfc062723c751e8b465ee728b)
Start importing Assets/Scripts using Guid(f1307ec1e2dc4484aa7bae0d30269b0f) Importer(815301076,1909f56bfc062723c751e8b465ee728b)  -> (artifact id: '991e838047aad2bb7b024e237d7f753f') in 0.006066 seconds
  Import took 0.019178 seconds .

========================================================================
Received Import Request.
  Time since last request: 1.158209 seconds.
  path: Assets/Scenes
  artifactKey: Guid(99309932b6ebff343912869458c714a9) Importer(815301076,1909f56bfc062723c751e8b465ee728b)
Start importing Assets/Scenes using Guid(99309932b6ebff343912869458c714a9) Importer(815301076,1909f56bfc062723c751e8b465ee728b)  -> (artifact id: '0e5337030c5357840014bb10ab020bf9') in 0.005764 seconds
  Import took 0.009850 seconds .

========================================================================
Received Import Request.
  Time since last request: 2.453111 seconds.
  path: Assets/_Scenes
  artifactKey: Guid(99309932b6ebff343912869458c714a9) Importer(815301076,1909f56bfc062723c751e8b465ee728b)
Start importing Assets/_Scenes using Guid(99309932b6ebff343912869458c714a9) Importer(815301076,1909f56bfc062723c751e8b465ee728b)  -> (artifact id: '3ce0ef54cb5efd85d9ca3019fea6c108') in 0.005677 seconds
  Import took 0.032168 seconds .

========================================================================
Received Import Request.
  Time since last request: 6.008575 seconds.
  path: Assets/Sprites
  artifactKey: Guid(58b773fa9d1b8304bbc333c02148fcd9) Importer(815301076,1909f56bfc062723c751e8b465ee728b)
Start importing Assets/Sprites using Guid(58b773fa9d1b8304bbc333c02148fcd9) Importer(815301076,1909f56bfc062723c751e8b465ee728b)  -> (artifact id: '67e66fa75cf5b69ac9af4187947d064c') in 0.005654 seconds
  Import took 0.027113 seconds .

========================================================================
Received Import Request.
  Time since last request: 5.227267 seconds.
  path: Assets/Animations
  artifactKey: Guid(b4c0951f3e6cfc048ae89165f8a4fae3) Importer(815301076,1909f56bfc062723c751e8b465ee728b)
Start importing Assets/Animations using Guid(b4c0951f3e6cfc048ae89165f8a4fae3) Importer(815301076,1909f56bfc062723c751e8b465ee728b)  -> (artifact id: '4d3be72e3f288c86ef18f6c87cf5240f') in 0.005815 seconds
  Import took 0.011334 seconds .

========================================================================
Received Import Request.
  Time since last request: 13.499263 seconds.
  path: Assets/ScriptableObjects
  artifactKey: Guid(0cc82859c6d4a29499343694ff4539a5) Importer(815301076,1909f56bfc062723c751e8b465ee728b)
Start importing Assets/ScriptableObjects using Guid(0cc82859c6d4a29499343694ff4539a5) Importer(815301076,1909f56bfc062723c751e8b465ee728b)  -> (artifact id: 'bc008695d2f43fed6f0a8f8ba31b296e') in 0.006068 seconds
  Import took 0.008628 seconds .

AssetImportWorkerClient::OnTransportError - code=2 error=End of file
